2020-06-29 15:08:22 FATAL ConnectionPoolImpl:65 - Failed to create connection
java.sql.SQLException: No suitable driver found for jdbc:mysql://localhost:3306/test?useLegacyDatetimeCode=false&amp;serverTimezone=UTC
	at java.sql.DriverManager.getConnection(DriverManager.java:689)
	at java.sql.DriverManager.getConnection(DriverManager.java:247)
	at dao.impl.ConnectionPoolImpl.createConnection(ConnectionPoolImpl.java:59)
	at dao.impl.ConnectionPoolImpl.initializePool(ConnectionPoolImpl.java:75)
	at dao.impl.ConnectionPoolImpl.<init>(ConnectionPoolImpl.java:40)
	at dao.impl.ConnectionPoolImpl.getInstance(ConnectionPoolImpl.java:49)
	at Main.main(Main.java:17)
2020-06-29 15:18:51 DEBUG ConnectionPoolImpl:61 - Connection created
2020-06-29 15:18:51 DEBUG ConnectionPoolImpl:61 - Connection created
2020-06-29 15:18:51 DEBUG ConnectionPoolImpl:61 - Connection created
2020-06-29 15:18:51 DEBUG ConnectionPoolImpl:61 - Connection created
2020-06-29 15:18:51 DEBUG ConnectionPoolImpl:61 - Connection created
2020-06-29 15:18:51 DEBUG ConnectionPoolImpl:89 - Connection acquired
2020-06-29 15:19:44 DEBUG ConnectionPoolImpl:62 - Connection created
2020-06-29 15:19:44 DEBUG ConnectionPoolImpl:62 - Connection created
2020-06-29 15:19:44 DEBUG ConnectionPoolImpl:62 - Connection created
2020-06-29 15:19:44 DEBUG ConnectionPoolImpl:62 - Connection created
2020-06-29 15:19:44 DEBUG ConnectionPoolImpl:62 - Connection created
2020-06-29 15:19:44 DEBUG ConnectionPoolImpl:90 - Connection acquired
2020-06-29 15:55:37 DEBUG ConnectionPoolImpl:62 - Connection created
2020-06-29 15:55:37 DEBUG ConnectionPoolImpl:62 - Connection created
2020-06-29 15:55:37 DEBUG ConnectionPoolImpl:62 - Connection created
2020-06-29 15:55:37 DEBUG ConnectionPoolImpl:62 - Connection created
2020-06-29 15:55:37 DEBUG ConnectionPoolImpl:62 - Connection created
2020-06-29 15:55:37 DEBUG ConnectionPoolImpl:90 - Connection acquired
2020-06-29 23:00:19 DEBUG ConnectionPoolImpl:61 - Connection created
2020-06-29 23:00:19 DEBUG ConnectionPoolImpl:61 - Connection created
2020-06-29 23:00:19 DEBUG ConnectionPoolImpl:61 - Connection created
2020-06-29 23:00:19 DEBUG ConnectionPoolImpl:61 - Connection created
2020-06-29 23:00:19 DEBUG ConnectionPoolImpl:61 - Connection created
2020-06-29 23:00:19 DEBUG ConnectionPoolImpl:89 - Connection acquired
2020-06-29 23:01:00 DEBUG ConnectionPoolImpl:61 - Connection created
2020-06-29 23:01:00 DEBUG ConnectionPoolImpl:61 - Connection created
2020-06-29 23:01:00 DEBUG ConnectionPoolImpl:61 - Connection created
2020-06-29 23:01:00 DEBUG ConnectionPoolImpl:61 - Connection created
2020-06-29 23:01:00 DEBUG ConnectionPoolImpl:61 - Connection created
2020-06-29 23:01:00 DEBUG ConnectionPoolImpl:89 - Connection acquired
2020-06-29 23:04:00 DEBUG ConnectionPoolImpl:61 - Connection created
2020-06-29 23:04:00 DEBUG ConnectionPoolImpl:61 - Connection created
2020-06-29 23:04:00 DEBUG ConnectionPoolImpl:61 - Connection created
2020-06-29 23:04:00 DEBUG ConnectionPoolImpl:61 - Connection created
2020-06-29 23:04:00 DEBUG ConnectionPoolImpl:61 - Connection created
2020-06-29 23:04:00 DEBUG ConnectionPoolImpl:89 - Connection acquired
2020-06-29 23:06:15 DEBUG ConnectionPoolImpl:61 - Connection created
2020-06-29 23:06:15 DEBUG ConnectionPoolImpl:61 - Connection created
2020-06-29 23:06:15 DEBUG ConnectionPoolImpl:61 - Connection created
2020-06-29 23:06:15 DEBUG ConnectionPoolImpl:61 - Connection created
2020-06-29 23:06:15 DEBUG ConnectionPoolImpl:61 - Connection created
2020-06-29 23:06:15 DEBUG ConnectionPoolImpl:89 - Connection acquired
2020-06-29 23:06:59 DEBUG ConnectionPoolImpl:61 - Connection created
2020-06-29 23:06:59 DEBUG ConnectionPoolImpl:61 - Connection created
2020-06-29 23:06:59 DEBUG ConnectionPoolImpl:61 - Connection created
2020-06-29 23:06:59 DEBUG ConnectionPoolImpl:61 - Connection created
2020-06-29 23:06:59 DEBUG ConnectionPoolImpl:61 - Connection created
2020-06-29 23:06:59 DEBUG ConnectionPoolImpl:89 - Connection acquired
2020-06-29 23:09:05 DEBUG ConnectionPoolImpl:61 - Connection created
2020-06-29 23:09:05 DEBUG ConnectionPoolImpl:61 - Connection created
2020-06-29 23:09:05 DEBUG ConnectionPoolImpl:61 - Connection created
2020-06-29 23:09:05 DEBUG ConnectionPoolImpl:61 - Connection created
2020-06-29 23:09:05 DEBUG ConnectionPoolImpl:61 - Connection created
2020-06-29 23:09:05 DEBUG ConnectionPoolImpl:89 - Connection acquired
2020-06-29 23:09:24 FATAL ConnectionPoolImpl:65 - Failed to create connection
java.sql.SQLException: Access denied for user 'afsdfsgd'@'localhost' (using password: YES)
	at com.mysql.cj.jdbc.exceptions.SQLError.createSQLException(SQLError.java:129)
	at com.mysql.cj.jdbc.exceptions.SQLError.createSQLException(SQLError.java:97)
	at com.mysql.cj.jdbc.exceptions.SQLExceptionsMapping.translateException(SQLExceptionsMapping.java:122)
	at com.mysql.cj.jdbc.ConnectionImpl.createNewIO(ConnectionImpl.java:836)
	at com.mysql.cj.jdbc.ConnectionImpl.<init>(ConnectionImpl.java:456)
	at com.mysql.cj.jdbc.ConnectionImpl.getInstance(ConnectionImpl.java:246)
	at com.mysql.cj.jdbc.NonRegisteringDriver.connect(NonRegisteringDriver.java:197)
	at java.sql.DriverManager.getConnection(DriverManager.java:664)
	at java.sql.DriverManager.getConnection(DriverManager.java:247)
	at dao.impl.ConnectionPoolImpl.createConnection(ConnectionPoolImpl.java:59)
	at dao.impl.ConnectionPoolImpl.initializePool(ConnectionPoolImpl.java:75)
	at dao.impl.ConnectionPoolImpl.<init>(ConnectionPoolImpl.java:39)
	at dao.impl.ConnectionPoolImpl.getInstance(ConnectionPoolImpl.java:48)
	at Main.main(Main.java:20)
